#-----------------------------------------------------------
# Vivado v2018.1 (64-bit)
# SW Build 2188600 on Wed Apr  4 18:40:38 MDT 2018
# IP Build 2185939 on Wed Apr  4 20:55:05 MDT 2018
# Start of session at: Wed Jun 18 11:01:55 2025
# Process ID: 7824
# Current directory: C:/Users/hrish/Downloads/Wahl_Thesis_Haris_Student_Arbeit/Zybo-Z7-20-XADC-2018.2-1/vivado_proj/project_1 - Copy
# Command line: vivado.exe -gui_launcher_event rodinguilauncherevent3008 C:\Users\hrish\Downloads\Wahl_Thesis_Haris_Student_Arbeit\Zybo-Z7-20-XADC-2018.2-1\vivado_proj\project_1 - Copy\project_1.xpr
# Log file: C:/Users/hrish/Downloads/Wahl_Thesis_Haris_Student_Arbeit/Zybo-Z7-20-XADC-2018.2-1/vivado_proj/project_1 - Copy/vivado.log
# Journal file: C:/Users/hrish/Downloads/Wahl_Thesis_Haris_Student_Arbeit/Zybo-Z7-20-XADC-2018.2-1/vivado_proj/project_1 - Copy\vivado.jou
#-----------------------------------------------------------
start_gui
open_project {C:/Users/hrish/Downloads/Wahl_Thesis_Haris_Student_Arbeit/Zybo-Z7-20-XADC-2018.2-1/vivado_proj/project_1 - Copy/project_1.xpr}
INFO: [ProjectBase 1-489] The host OS only allows 260 characters in a normal path. The project is stored in a path with more than 80 characters. If you experience issues with IP, Block Designs, or files not being found, please consider moving the project to a location with a shorter path. Alternately consider using the OS subst command to map part of the path to a drive letter.
Current project path is 'C:/Users/hrish/Downloads/Wahl_Thesis_Haris_Student_Arbeit/Zybo-Z7-20-XADC-2018.2-1/vivado_proj/project_1 - Copy'
INFO: [Project 1-313] Project file moved from 'C:/Users/hrish/Downloads/Wahl_Thesis_Haris_Student_Arbeit/Zybo-Z7-20-XADC-2018.2-1/vivado_proj/project_1' since last save.
Scanning sources...
Finished scanning sources
WARNING: [filemgmt 56-3] IP Repository Path: Could not find the directory 'D:/Github/Zybo-Z7-20-XADC/repo'.
INFO: [IP_Flow 19-234] Refreshing IP repositories
WARNING: [IP_Flow 19-2248] Failed to load user IP repository 'd:/Github/Zybo-Z7-20-XADC/repo'; Can't find the specified path.
If this directory should no longer be in your list of user repositories, go to the IP Settings dialog and remove it.
INFO: [IP_Flow 19-2313] Loaded Vivado IP repository 'C:/Xilinx/Vivado/2018.1/data/ip'.
open_project: Time (s): cpu = 00:00:22 ; elapsed = 00:00:19 . Memory (MB): peak = 818.148 ; gain = 84.668
update_compile_order -fileset sources_1
open_hw
connect_hw_server
INFO: [Labtools 27-2285] Connecting to hw_server url TCP:localhost:3121
INFO: [Labtools 27-2222] Launching hw_server...
INFO: [Labtools 27-2221] Launch Output:

****** Xilinx hw_server v2018.1
  **** Build date : Apr  4 2018-19:32:53
    ** Copyright 1986-2018 Xilinx, Inc. All Rights Reserved.


disconnect_hw_server localhost:3121
connect_hw_server
INFO: [Labtools 27-2285] Connecting to hw_server url TCP:localhost:3121
disconnect_hw_server localhost:3121
connect_hw_server
INFO: [Labtools 27-2285] Connecting to hw_server url TCP:localhost:3121
close_hw
