15:22:16 INFO  : Registering command handlers for SDK TCF services
15:22:17 INFO  : Launching XSCT server: xsct.bat -interactive C:\Users\hrish\Downloads\Wahl_Thesis_Haris_Student_Arbeit\Zynq_book_tutorials\led_controller\led_controller.sdk\temp_xsdb_launch_script.tcl
15:22:19 INFO  : XSCT server has started successfully.
15:22:19 INFO  : Successfully done setting XSCT server connection channel  
15:22:19 INFO  : Successfully done setting SDK workspace  
15:22:19 INFO  : Processing command line option -hwspec C:/Users/hrish/Downloads/Wahl_Thesis_Haris_Student_Arbeit/Zynq_book_tutorials/led_controller/led_controller.sdk/led_test_system_wrapper.hdf.
15:23:02 INFO  : Saving repository preferences.
15:23:02 INFO  : Reading in cores from local repositories: 
		 C:\Users\hrish\Downloads\Wahl_Thesis_Haris_Student_Arbeit\Zynq_book_tutorials\ip_repo\led_controller_1.0
15:23:02 INFO  : Cleaning BSP projects in the workspace.
16:08:21 INFO  : Launching XSCT server: xsct.bat -interactive C:\Users\hrish\Downloads\Wahl_Thesis_Haris_Student_Arbeit\Zynq_book_tutorials\led_controller\led_controller.sdk\temp_xsdb_launch_script.tcl
16:08:22 INFO  : XSCT server has started successfully.
16:08:24 INFO  : Successfully done setting XSCT server connection channel  
16:08:24 INFO  : Successfully done setting SDK workspace  
16:08:25 INFO  : Registering command handlers for SDK TCF services
16:08:26 INFO  : Restoring local repository preferences: 
		 C:\Users\hrish\Downloads\Wahl_Thesis_Haris_Student_Arbeit\Zynq_book_tutorials\ip_repo\led_controller_1.0
16:08:26 INFO  : Processing command line option -hwspec C:/Users/hrish/Downloads/Wahl_Thesis_Haris_Student_Arbeit/Zynq_book_tutorials/led_controller/led_controller.sdk/led_test_system_wrapper.hdf.
16:08:26 INFO  : Checking for hwspec changes in the project led_test_system_wrapper_hw_platform_0.
16:10:50 INFO  : Saving repository preferences.
16:12:13 INFO  : No changes in MSS file content so not generating sources.
16:18:52 INFO  : Connected to target on host '127.0.0.1' and port '3121'.
16:18:53 INFO  : 'targets -set -filter {jtag_cable_name =~ "Digilent Zybo 210279758527A" && level==0} -index 1' command is executed.
16:18:54 INFO  : FPGA configured successfully with bitstream "C:/Users/hrish/Downloads/Wahl_Thesis_Haris_Student_Arbeit/Zynq_book_tutorials/led_controller/led_controller.sdk/led_test_system_wrapper_hw_platform_0/led_test_system_wrapper.bit"
16:25:50 INFO  : 'targets -set -filter {jtag_cable_name =~ "Digilent Zybo 210279758527A" && level==0} -index 1' command is executed.
16:25:50 INFO  : 'fpga -state' command is executed.
16:25:50 INFO  : Connected to target on host '127.0.0.1' and port '3121'.
16:25:50 INFO  : Jtag cable 'Digilent Zybo 210279758527A' is selected.
16:25:50 INFO  : 'jtag frequency' command is executed.
16:25:50 INFO  : Sourcing of 'C:/Users/hrish/Downloads/Wahl_Thesis_Haris_Student_Arbeit/Zynq_book_tutorials/led_controller/led_controller.sdk/led_test_system_wrapper_hw_platform_0/ps7_init.tcl' is done.
16:25:50 INFO  : Context for 'APU' is selected.
16:25:50 INFO  : Hardware design information is loaded from 'C:/Users/hrish/Downloads/Wahl_Thesis_Haris_Student_Arbeit/Zynq_book_tutorials/led_controller/led_controller.sdk/led_test_system_wrapper_hw_platform_0/system.hdf'.
16:25:50 INFO  : 'configparams force-mem-access 1' command is executed.
16:25:50 INFO  : Context for 'APU' is selected.
16:25:50 INFO  : 'stop' command is executed.
16:25:51 INFO  : 'ps7_init' command is executed.
16:25:51 INFO  : 'ps7_post_config' command is executed.
16:25:51 INFO  : Context for processor 'ps7_cortexa9_0' is selected.
16:25:51 INFO  : Processor reset is completed for 'ps7_cortexa9_0'.
16:25:51 INFO  : Context for processor 'ps7_cortexa9_0' is selected.
16:25:51 INFO  : The application 'C:/Users/hrish/Downloads/Wahl_Thesis_Haris_Student_Arbeit/Zynq_book_tutorials/led_controller/led_controller.sdk/LED_Controller_test/Debug/LED_Controller_test.elf' is downloaded to processor 'ps7_cortexa9_0'.
16:25:51 INFO  : 'configparams force-mem-access 0' command is executed.
16:25:51 INFO  : ----------------XSDB Script----------------
connect -url tcp:127.0.0.1:3121
source C:/Users/hrish/Downloads/Wahl_Thesis_Haris_Student_Arbeit/Zynq_book_tutorials/led_controller/led_controller.sdk/led_test_system_wrapper_hw_platform_0/ps7_init.tcl
targets -set -nocase -filter {name =~"APU*" && jtag_cable_name =~ "Digilent Zybo 210279758527A"} -index 0
loadhw -hw C:/Users/hrish/Downloads/Wahl_Thesis_Haris_Student_Arbeit/Zynq_book_tutorials/led_controller/led_controller.sdk/led_test_system_wrapper_hw_platform_0/system.hdf -mem-ranges [list {0x40000000 0xbfffffff}]
configparams force-mem-access 1
targets -set -nocase -filter {name =~"APU*" && jtag_cable_name =~ "Digilent Zybo 210279758527A"} -index 0
stop
ps7_init
ps7_post_config
targets -set -nocase -filter {name =~ "ARM*#0" && jtag_cable_name =~ "Digilent Zybo 210279758527A"} -index 0
rst -processor
targets -set -nocase -filter {name =~ "ARM*#0" && jtag_cable_name =~ "Digilent Zybo 210279758527A"} -index 0
dow C:/Users/hrish/Downloads/Wahl_Thesis_Haris_Student_Arbeit/Zynq_book_tutorials/led_controller/led_controller.sdk/LED_Controller_test/Debug/LED_Controller_test.elf
configparams force-mem-access 0
----------------End of Script----------------

16:25:51 INFO  : Context for processor 'ps7_cortexa9_0' is selected.
16:25:51 INFO  : 'con' command is executed.
16:25:51 INFO  : ----------------XSDB Script (After Launch)----------------
targets -set -nocase -filter {name =~ "ARM*#0" && jtag_cable_name =~ "Digilent Zybo 210279758527A"} -index 0
con
----------------End of Script----------------

16:25:51 INFO  : Disconnected from the channel tcfchan#1.
