#-----------------------------------------------------------
# Vivado v2018.1 (64-bit)
# SW Build 2188600 on Wed Apr  4 18:40:38 MDT 2018
# IP Build 2185939 on Wed Apr  4 20:55:05 MDT 2018
# Start of session at: Tue Jun 17 15:18:18 2025
# Process ID: 9988
# Current directory: C:/Users/hrish/Downloads/Wahl_Thesis_Haris_Student_Arbeit/Zybo-Z7-20-XADC-2018.2-1/vivado_proj/project_1
# Command line: vivado.exe -gui_launcher_event rodinguilauncherevent6540 C:\Users\hrish\Downloads\Wahl_Thesis_Haris_Student_Arbeit\Zybo-Z7-20-XADC-2018.2-1\vivado_proj\project_1\project_1.xpr
# Log file: C:/Users/hrish/Downloads/Wahl_Thesis_Haris_Student_Arbeit/Zybo-Z7-20-XADC-2018.2-1/vivado_proj/project_1/vivado.log
# Journal file: C:/Users/hrish/Downloads/Wahl_Thesis_Haris_Student_Arbeit/Zybo-Z7-20-XADC-2018.2-1/vivado_proj/project_1\vivado.jou
#-----------------------------------------------------------
start_gui
open_project C:/Users/hrish/Downloads/Wahl_Thesis_Haris_Student_Arbeit/Zybo-Z7-20-XADC-2018.2-1/vivado_proj/project_1/project_1.xpr
INFO: [ProjectBase 1-489] The host OS only allows 260 characters in a normal path. The project is stored in a path with more than 80 characters. If you experience issues with IP, Block Designs, or files not being found, please consider moving the project to a location with a shorter path. Alternately consider using the OS subst command to map part of the path to a drive letter.
Current project path is 'C:/Users/hrish/Downloads/Wahl_Thesis_Haris_Student_Arbeit/Zybo-Z7-20-XADC-2018.2-1/vivado_proj/project_1'
Scanning sources...
Finished scanning sources
WARNING: [filemgmt 56-3] IP Repository Path: Could not find the directory 'D:/Github/Zybo-Z7-20-XADC/repo'.
INFO: [IP_Flow 19-234] Refreshing IP repositories
WARNING: [IP_Flow 19-2248] Failed to load user IP repository 'd:/Github/Zybo-Z7-20-XADC/repo'; Can't find the specified path.
If this directory should no longer be in your list of user repositories, go to the IP Settings dialog and remove it.
INFO: [IP_Flow 19-2313] Loaded Vivado IP repository 'C:/Xilinx/Vivado/2018.1/data/ip'.
open_project: Time (s): cpu = 00:00:10 ; elapsed = 00:00:06 . Memory (MB): peak = 878.590 ; gain = 155.113
update_compile_order -fileset sources_1
INFO: [Device 21-403] Loading part xc7z020clg400-1
open_hw
connect_hw_server
INFO: [Labtools 27-2285] Connecting to hw_server url TCP:localhost:3121
open_hw_target
INFO: [Labtoolstcl 44-466] Opening hw_target localhost:3121/xilinx_tcf/Digilent/210351A81D96A
set_property PROGRAM.FILE {C:/Users/hrish/Downloads/Wahl_Thesis_Haris_Student_Arbeit/Zybo-Z7-20-XADC-2018.2-1/vivado_proj/project_1/project_1.runs/impl_1/top.bit} [get_hw_devices xc7z020_1]
current_hw_device [get_hw_devices xc7z020_1]
refresh_hw_device -update_hw_probes false [lindex [get_hw_devices xc7z020_1] 0]
INFO: [Labtools 27-1434] Device xc7z020 (JTAG device index = 1) is programmed with a design that has no supported debug core(s) in it.
WARNING: [Labtools 27-3361] The debug hub core was not detected.
Resolution: 
1. Make sure the clock connected to the debug hub (dbg_hub) core is a free running clock and is active.
2. Make sure the BSCAN_SWITCH_USER_MASK device property in Vivado Hardware Manager reflects the user scan chain setting in the design and refresh the device.  To determine the user scan chain setting in the design, open the implemented design and use 'get_property C_USER_SCAN_CHAIN [get_debug_cores dbg_hub]'.
For more details on setting the scan chain property, consult the Vivado Debug and Programming User Guide (UG908).
set_property PROBES.FILE {} [get_hw_devices xc7z020_1]
set_property FULL_PROBES.FILE {} [get_hw_devices xc7z020_1]
set_property PROGRAM.FILE {C:/Users/hrish/Downloads/Wahl_Thesis_Haris_Student_Arbeit/Zybo-Z7-20-XADC-2018.2-1/vivado_proj/project_1/project_1.runs/impl_1/top.bit} [get_hw_devices xc7z020_1]
program_hw_devices [get_hw_devices xc7z020_1]
INFO: [Labtools 27-3164] End of startup status: HIGH
refresh_hw_device [lindex [get_hw_devices xc7z020_1] 0]
INFO: [Labtools 27-1434] Device xc7z020 (JTAG device index = 1) is programmed with a design that has no supported debug core(s) in it.
WARNING: [Labtools 27-3361] The debug hub core was not detected.
Resolution: 
1. Make sure the clock connected to the debug hub (dbg_hub) core is a free running clock and is active.
2. Make sure the BSCAN_SWITCH_USER_MASK device property in Vivado Hardware Manager reflects the user scan chain setting in the design and refresh the device.  To determine the user scan chain setting in the design, open the implemented design and use 'get_property C_USER_SCAN_CHAIN [get_debug_cores dbg_hub]'.
For more details on setting the scan chain property, consult the Vivado Debug and Programming User Guide (UG908).
ERROR: [Labtoolstcl 44-513] HW Target shutdown. Closing target: localhost:3121/xilinx_tcf/Digilent/210351A81D96A
close_hw
file mkdir C:/Users/hrish/Downloads/Wahl_Thesis_Haris_Student_Arbeit/Zybo-Z7-20-XADC-2018.2-1/vivado_proj/project_1/project_1.srcs/sources_1/new
close [ open C:/Users/hrish/Downloads/Wahl_Thesis_Haris_Student_Arbeit/Zybo-Z7-20-XADC-2018.2-1/vivado_proj/project_1/project_1.srcs/sources_1/new/tm1637_driver.v w ]
add_files C:/Users/hrish/Downloads/Wahl_Thesis_Haris_Student_Arbeit/Zybo-Z7-20-XADC-2018.2-1/vivado_proj/project_1/project_1.srcs/sources_1/new/tm1637_driver.v
update_compile_order -fileset sources_1
update_compile_order -fileset sources_1
reset_run synth_1
WARNING: [Vivado 12-1017] Problems encountered:
1. Failed to delete one or more files in run directory C:/Users/hrish/Downloads/Wahl_Thesis_Haris_Student_Arbeit/Zybo-Z7-20-XADC-2018.2-1/vivado_proj/project_1/project_1.runs/synth_1

launch_runs impl_1 -to_step write_bitstream -jobs 4
WARNING: [Runs 36-114] Unrecognized file type 'RESOURSES' for 'xadc_wiz_0.resources' found in the checkpoint xml
[Tue Jun 17 18:03:04 2025] Launched synth_1...
Run output will be captured here: C:/Users/hrish/Downloads/Wahl_Thesis_Haris_Student_Arbeit/Zybo-Z7-20-XADC-2018.2-1/vivado_proj/project_1/project_1.runs/synth_1/runme.log
[Tue Jun 17 18:03:04 2025] Launched impl_1...
Run output will be captured here: C:/Users/hrish/Downloads/Wahl_Thesis_Haris_Student_Arbeit/Zybo-Z7-20-XADC-2018.2-1/vivado_proj/project_1/project_1.runs/impl_1/runme.log
open_hw
connect_hw_server
INFO: [Labtools 27-2285] Connecting to hw_server url TCP:localhost:3121
open_hw_target
INFO: [Labtoolstcl 44-466] Opening hw_target localhost:3121/xilinx_tcf/Digilent/210351A81D96A
set_property PROGRAM.FILE {C:/Users/hrish/Downloads/Wahl_Thesis_Haris_Student_Arbeit/Zybo-Z7-20-XADC-2018.2-1/vivado_proj/project_1/project_1.runs/impl_1/top.bit} [get_hw_devices xc7z020_1]
current_hw_device [get_hw_devices xc7z020_1]
refresh_hw_device -update_hw_probes false [lindex [get_hw_devices xc7z020_1] 0]
INFO: [Labtools 27-1435] Device xc7z020 (JTAG device index = 1) is not programmed (DONE status = 0).
refresh_hw_device [lindex [get_hw_devices xc7z020_1] 0]
INFO: [Labtools 27-1435] Device xc7z020 (JTAG device index = 1) is not programmed (DONE status = 0).
set_property PROBES.FILE {} [get_hw_devices xc7z020_1]
set_property FULL_PROBES.FILE {} [get_hw_devices xc7z020_1]
set_property PROGRAM.FILE {C:/Users/hrish/Downloads/Wahl_Thesis_Haris_Student_Arbeit/Zybo-Z7-20-XADC-2018.2-1/vivado_proj/project_1/project_1.runs/impl_1/top.bit} [get_hw_devices xc7z020_1]
program_hw_devices [get_hw_devices xc7z020_1]
INFO: [Labtools 27-3164] End of startup status: HIGH
refresh_hw_device [lindex [get_hw_devices xc7z020_1] 0]
INFO: [Labtools 27-1434] Device xc7z020 (JTAG device index = 1) is programmed with a design that has no supported debug core(s) in it.
WARNING: [Labtools 27-3361] The debug hub core was not detected.
Resolution: 
1. Make sure the clock connected to the debug hub (dbg_hub) core is a free running clock and is active.
2. Make sure the BSCAN_SWITCH_USER_MASK device property in Vivado Hardware Manager reflects the user scan chain setting in the design and refresh the device.  To determine the user scan chain setting in the design, open the implemented design and use 'get_property C_USER_SCAN_CHAIN [get_debug_cores dbg_hub]'.
For more details on setting the scan chain property, consult the Vivado Debug and Programming User Guide (UG908).
ERROR: [Labtoolstcl 44-513] HW Target shutdown. Closing target: localhost:3121/xilinx_tcf/Digilent/210351A81D96A
INFO: [Labtoolstcl 44-466] Opening hw_target localhost:3121/xilinx_tcf/Digilent/210351A81D96A
WARNING: [Labtoolstcl 44-129] No matching hw_ila_data was found.
INFO: [Labtools 27-1435] Device xc7z020 (JTAG device index = 1) is not programmed (DONE status = 0).
WARNING: [Labtoolstcl 44-129] No matching hw_ila_data was found.
set_property PROBES.FILE {} [get_hw_devices xc7z020_1]
set_property FULL_PROBES.FILE {} [get_hw_devices xc7z020_1]
set_property PROGRAM.FILE {C:/Users/hrish/Downloads/Wahl_Thesis_Haris_Student_Arbeit/Zybo-Z7-20-XADC-2018.2-1/vivado_proj/project_1/project_1.runs/impl_1/top.bit} [get_hw_devices xc7z020_1]
program_hw_devices [get_hw_devices xc7z020_1]
INFO: [Labtools 27-3164] End of startup status: HIGH
refresh_hw_device [lindex [get_hw_devices xc7z020_1] 0]
INFO: [Labtools 27-1434] Device xc7z020 (JTAG device index = 1) is programmed with a design that has no supported debug core(s) in it.
WARNING: [Labtools 27-3361] The debug hub core was not detected.
Resolution: 
1. Make sure the clock connected to the debug hub (dbg_hub) core is a free running clock and is active.
2. Make sure the BSCAN_SWITCH_USER_MASK device property in Vivado Hardware Manager reflects the user scan chain setting in the design and refresh the device.  To determine the user scan chain setting in the design, open the implemented design and use 'get_property C_USER_SCAN_CHAIN [get_debug_cores dbg_hub]'.
For more details on setting the scan chain property, consult the Vivado Debug and Programming User Guide (UG908).
ERROR: [Labtoolstcl 44-513] HW Target shutdown. Closing target: localhost:3121/xilinx_tcf/Digilent/210351A81D96A
INFO: [Labtoolstcl 44-466] Opening hw_target localhost:3121/xilinx_tcf/Digilent/210351A81D96A
WARNING: [Labtoolstcl 44-129] No matching hw_ila_data was found.
INFO: [Labtools 27-1435] Device xc7z020 (JTAG device index = 1) is not programmed (DONE status = 0).
WARNING: [Labtoolstcl 44-129] No matching hw_ila_data was found.
ERROR: [Labtoolstcl 44-513] HW Target shutdown. Closing target: localhost:3121/xilinx_tcf/Digilent/210351A81D96A
INFO: [Labtoolstcl 44-466] Opening hw_target localhost:3121/xilinx_tcf/Digilent/210351A81D96A
WARNING: [Labtoolstcl 44-129] No matching hw_ila_data was found.
INFO: [Labtools 27-1435] Device xc7z020 (JTAG device index = 1) is not programmed (DONE status = 0).
WARNING: [Labtoolstcl 44-129] No matching hw_ila_data was found.
refresh_hw_device [lindex [get_hw_devices xc7z020_1] 0]
INFO: [Labtools 27-1435] Device xc7z020 (JTAG device index = 1) is not programmed (DONE status = 0).
set_property PROBES.FILE {} [get_hw_devices xc7z020_1]
set_property FULL_PROBES.FILE {} [get_hw_devices xc7z020_1]
set_property PROGRAM.FILE {C:/Users/hrish/Downloads/Wahl_Thesis_Haris_Student_Arbeit/Zybo-Z7-20-XADC-2018.2-1/vivado_proj/project_1/project_1.runs/impl_1/top.bit} [get_hw_devices xc7z020_1]
program_hw_devices [get_hw_devices xc7z020_1]
INFO: [Labtools 27-3164] End of startup status: HIGH
refresh_hw_device [lindex [get_hw_devices xc7z020_1] 0]
INFO: [Labtools 27-1434] Device xc7z020 (JTAG device index = 1) is programmed with a design that has no supported debug core(s) in it.
WARNING: [Labtools 27-3361] The debug hub core was not detected.
Resolution: 
1. Make sure the clock connected to the debug hub (dbg_hub) core is a free running clock and is active.
2. Make sure the BSCAN_SWITCH_USER_MASK device property in Vivado Hardware Manager reflects the user scan chain setting in the design and refresh the device.  To determine the user scan chain setting in the design, open the implemented design and use 'get_property C_USER_SCAN_CHAIN [get_debug_cores dbg_hub]'.
For more details on setting the scan chain property, consult the Vivado Debug and Programming User Guide (UG908).
ERROR: [Labtoolstcl 44-513] HW Target shutdown. Closing target: localhost:3121/xilinx_tcf/Digilent/210351A81D96A
INFO: [Labtoolstcl 44-466] Opening hw_target localhost:3121/xilinx_tcf/Digilent/210351A81D96A
WARNING: [Labtoolstcl 44-129] No matching hw_ila_data was found.
INFO: [Labtools 27-1435] Device xc7z020 (JTAG device index = 1) is not programmed (DONE status = 0).
WARNING: [Labtoolstcl 44-129] No matching hw_ila_data was found.
ERROR: [Labtoolstcl 44-513] HW Target shutdown. Closing target: localhost:3121/xilinx_tcf/Digilent/210351A81D96A
exit
INFO: [Common 17-206] Exiting Vivado at Tue Jun 17 19:47:26 2025...
