#-----------------------------------------------------------
# Vivado v2018.1 (64-bit)
# SW Build 2188600 on Wed Apr  4 18:40:38 MDT 2018
# IP Build 2185939 on Wed Apr  4 20:55:05 MDT 2018
# Start of session at: Thu Jun 19 17:29:03 2025
# Process ID: 12564
# Current directory: C:/Users/hrish/Downloads/ReRAM_Thesis/Project Folder/ADC_Display
# Command line: vivado.exe -gui_launcher_event rodinguilauncherevent8812 C:\Users\hrish\Downloads\ReRAM_Thesis\Project Folder\ADC_Display\ADC_Display.xpr
# Log file: C:/Users/hrish/Downloads/ReRAM_Thesis/Project Folder/ADC_Display/vivado.log
# Journal file: C:/Users/hrish/Downloads/ReRAM_Thesis/Project Folder/ADC_Display\vivado.jou
#-----------------------------------------------------------
start_gui
open_project {C:/Users/hrish/Downloads/ReRAM_Thesis/Project Folder/ADC_Display/ADC_Display.xpr}
INFO: [Project 1-313] Project file moved from 'C:/Users/hrish/Downloads/Wahl_Thesis_Haris_Student_Arbeit/ADC_Display' since last save.
Scanning sources...
Finished scanning sources
INFO: [IP_Flow 19-234] Refreshing IP repositories
INFO: [IP_Flow 19-1704] No user IP repositories specified
INFO: [IP_Flow 19-2313] Loaded Vivado IP repository 'C:/Xilinx/Vivado/2018.1/data/ip'.
open_project: Time (s): cpu = 00:00:22 ; elapsed = 00:00:13 . Memory (MB): peak = 809.551 ; gain = 69.336
update_compile_order -fileset sources_1
exit
INFO: [Common 17-206] Exiting Vivado at Thu Jun 19 17:41:57 2025...
