#-----------------------------------------------------------
# Vivado v2018.1 (64-bit)
# SW Build 2188600 on Wed Apr  4 18:40:38 MDT 2018
# IP Build 2185939 on Wed Apr  4 20:55:05 MDT 2018
# Start of session at: Sat Apr 26 15:21:29 2025
# Process ID: 16964
# Current directory: C:/Users/hrish/Downloads/Wahl_Thesis_Haris_Student_Arbeit/Zynq_book_tutorials/led_controller
# Command line: vivado.exe -gui_launcher_event rodinguilauncherevent15984 C:\Users\hrish\Downloads\Wahl_Thesis_Haris_Student_Arbeit\Zynq_book_tutorials\led_controller\led_controller.xpr
# Log file: C:/Users/hrish/Downloads/Wahl_Thesis_Haris_Student_Arbeit/Zynq_book_tutorials/led_controller/vivado.log
# Journal file: C:/Users/hrish/Downloads/Wahl_Thesis_Haris_Student_Arbeit/Zynq_book_tutorials/led_controller\vivado.jou
#-----------------------------------------------------------
start_gui
open_project C:/Users/hrish/Downloads/Wahl_Thesis_Haris_Student_Arbeit/Zynq_book_tutorials/led_controller/led_controller.xpr
INFO: [ProjectBase 1-489] The host OS only allows 260 characters in a normal path. The project is stored in a path with more than 80 characters. If you experience issues with IP, Block Designs, or files not being found, please consider moving the project to a location with a shorter path. Alternately consider using the OS subst command to map part of the path to a drive letter.
Current project path is 'C:/Users/hrish/Downloads/Wahl_Thesis_Haris_Student_Arbeit/Zynq_book_tutorials/led_controller'
INFO: [Project 1-313] Project file moved from 'C:/Users/hrish/Downloads/Wahl Thesis Haris Student Arbeit/Zynq_book_tutorials/led_controller' since last save.
Scanning sources...
Finished scanning sources
INFO: [IP_Flow 19-234] Refreshing IP repositories
INFO: [IP_Flow 19-1700] Loaded user IP repository 'c:/Users/hrish/Downloads/Wahl_Thesis_Haris_Student_Arbeit/Zynq_book_tutorials/ip_repo/led_controller_1.0'.
INFO: [IP_Flow 19-2313] Loaded Vivado IP repository 'C:/Xilinx/Vivado/2018.1/data/ip'.
open_project: Time (s): cpu = 00:00:11 ; elapsed = 00:00:06 . Memory (MB): peak = 901.984 ; gain = 162.273
update_compile_order -fileset sources_1
launch_sdk -workspace C:/Users/hrish/Downloads/Wahl_Thesis_Haris_Student_Arbeit/Zynq_book_tutorials/led_controller/led_controller.sdk -hwspec C:/Users/hrish/Downloads/Wahl_Thesis_Haris_Student_Arbeit/Zynq_book_tutorials/led_controller/led_controller.sdk/led_test_system_wrapper.hdf
INFO: [Vivado 12-393] Launching SDK...
INFO: [Vivado 12-417] Running xsdk -workspace C:/Users/hrish/Downloads/Wahl_Thesis_Haris_Student_Arbeit/Zynq_book_tutorials/led_controller/led_controller.sdk -hwspec C:/Users/hrish/Downloads/Wahl_Thesis_Haris_Student_Arbeit/Zynq_book_tutorials/led_controller/led_controller.sdk/led_test_system_wrapper.hdf
INFO: [Vivado 12-3157] SDK launch initiated. Please check console for any further messages.
file copy -force C:/Users/hrish/Downloads/Wahl_Thesis_Haris_Student_Arbeit/Zynq_book_tutorials/led_controller/led_controller.runs/impl_1/led_test_system_wrapper.sysdef C:/Users/hrish/OneDrive/Desktop/isa/led_test_system_wrapper.hdf

launch_sdk -workspace C:/Users/hrish/OneDrive/Desktop/isa -hwspec C:/Users/hrish/OneDrive/Desktop/isa/led_test_system_wrapper.hdf
INFO: [Vivado 12-393] Launching SDK...
INFO: [Vivado 12-417] Running xsdk -workspace C:/Users/hrish/OneDrive/Desktop/isa -hwspec C:/Users/hrish/OneDrive/Desktop/isa/led_test_system_wrapper.hdf
INFO: [Vivado 12-3157] SDK launch initiated. Please check console for any further messages.
open_bd_design {C:/Users/hrish/Downloads/Wahl_Thesis_Haris_Student_Arbeit/Zynq_book_tutorials/led_controller/led_controller.srcs/sources_1/bd/led_test_system/led_test_system.bd}
Adding cell -- xilinx.com:user:led_controller:1.0 - led_controller_0
Adding cell -- xilinx.com:ip:processing_system7:5.5 - processing_system7_0
Adding cell -- xilinx.com:ip:proc_sys_reset:5.0 - rst_ps7_0_100M
Adding cell -- xilinx.com:ip:axi_protocol_converter:2.1 - auto_pc
Successfully read diagram <led_test_system> from BD file <C:/Users/hrish/Downloads/Wahl_Thesis_Haris_Student_Arbeit/Zynq_book_tutorials/led_controller/led_controller.srcs/sources_1/bd/led_test_system/led_test_system.bd>
open_bd_design: Time (s): cpu = 00:00:06 ; elapsed = 00:00:06 . Memory (MB): peak = 1021.426 ; gain = 90.754
file copy -force C:/Users/hrish/Downloads/Wahl_Thesis_Haris_Student_Arbeit/Zynq_book_tutorials/led_controller/led_controller.runs/impl_1/led_test_system_wrapper.sysdef C:/Users/hrish/Downloads/Wahl_Thesis_Haris_Student_Arbeit/Zynq_book_tutorials/led_controller/led_controller.sdk/led_test_system_wrapper.hdf

launch_sdk -workspace C:/Users/hrish/Downloads/Wahl_Thesis_Haris_Student_Arbeit/Zynq_book_tutorials/led_controller/led_controller.sdk -hwspec C:/Users/hrish/Downloads/Wahl_Thesis_Haris_Student_Arbeit/Zynq_book_tutorials/led_controller/led_controller.sdk/led_test_system_wrapper.hdf
INFO: [Vivado 12-393] Launching SDK...
INFO: [Vivado 12-417] Running xsdk -workspace C:/Users/hrish/Downloads/Wahl_Thesis_Haris_Student_Arbeit/Zynq_book_tutorials/led_controller/led_controller.sdk -hwspec C:/Users/hrish/Downloads/Wahl_Thesis_Haris_Student_Arbeit/Zynq_book_tutorials/led_controller/led_controller.sdk/led_test_system_wrapper.hdf
INFO: [Vivado 12-3157] SDK launch initiated. Please check console for any further messages.
exit
INFO: [Common 17-206] Exiting Vivado at Sat Apr 26 16:29:49 2025...
