14:00:46 INFO  : Registering command handlers for SDK TCF services
14:00:47 INFO  : Launching XSCT server: xsct.bat -interactive C:\Users\hrish\Downloads\Wahl_Thesis_Haris_Student_Arbeit\Zynq_book_tutorials\led_controller2\led_controller2.sdk\temp_xsdb_launch_script.tcl
14:00:51 INFO  : XSCT server has started successfully.
14:00:56 INFO  : Successfully done setting XSCT server connection channel  
14:00:56 INFO  : Successfully done setting SDK workspace  
14:00:56 INFO  : Processing command line option -hwspec C:/Users/hrish/Downloads/Wahl_Thesis_Haris_Student_Arbeit/Zynq_book_tutorials/led_controller2/led_controller2.sdk/led_test_system_wrapper.hdf.
14:10:18 INFO  : Saving repository preferences.
14:10:18 INFO  : Reading in cores from local repositories: 
		 C:\Users\hrish\Downloads\Wahl_Thesis_Haris_Student_Arbeit\Zynq_book_tutorials\ip_repo2\led_controller_1.0
14:10:18 INFO  : Cleaning BSP projects in the workspace.
14:12:43 INFO  : No changes in MSS file content so not generating sources.
14:22:43 INFO  : Connected to target on host '127.0.0.1' and port '3121'.
14:22:44 INFO  : 'targets -set -filter {jtag_cable_name =~ "Digilent Zybo 210279758527A" && level==0} -index 1' command is executed.
14:22:45 INFO  : FPGA configured successfully with bitstream "C:/Users/hrish/Downloads/Wahl_Thesis_Haris_Student_Arbeit/Zynq_book_tutorials/led_controller2/led_controller2.sdk/led_test_system_wrapper_hw_platform_0/led_test_system_wrapper.bit"
14:24:51 INFO  : 'targets -set -filter {jtag_cable_name =~ "Digilent Zybo 210279758527A" && level==0} -index 1' command is executed.
14:24:51 INFO  : 'fpga -state' command is executed.
14:24:51 INFO  : Connected to target on host '127.0.0.1' and port '3121'.
14:24:51 INFO  : Jtag cable 'Digilent Zybo 210279758527A' is selected.
14:24:51 INFO  : 'jtag frequency' command is executed.
14:24:51 INFO  : Sourcing of 'C:/Users/hrish/Downloads/Wahl_Thesis_Haris_Student_Arbeit/Zynq_book_tutorials/led_controller2/led_controller2.sdk/led_test_system_wrapper_hw_platform_0/ps7_init.tcl' is done.
14:24:51 INFO  : Context for 'APU' is selected.
14:24:51 INFO  : Hardware design information is loaded from 'C:/Users/hrish/Downloads/Wahl_Thesis_Haris_Student_Arbeit/Zynq_book_tutorials/led_controller2/led_controller2.sdk/led_test_system_wrapper_hw_platform_0/system.hdf'.
14:24:51 INFO  : 'configparams force-mem-access 1' command is executed.
14:24:51 INFO  : Context for 'APU' is selected.
14:24:51 INFO  : 'stop' command is executed.
14:24:52 INFO  : 'ps7_init' command is executed.
14:24:52 INFO  : 'ps7_post_config' command is executed.
14:24:52 INFO  : Context for processor 'ps7_cortexa9_0' is selected.
14:24:52 INFO  : Processor reset is completed for 'ps7_cortexa9_0'.
14:24:52 INFO  : Context for processor 'ps7_cortexa9_0' is selected.
14:24:52 INFO  : The application 'C:/Users/hrish/Downloads/Wahl_Thesis_Haris_Student_Arbeit/Zynq_book_tutorials/led_controller2/led_controller2.sdk/LED_Controller_test/Debug/LED_Controller_test.elf' is downloaded to processor 'ps7_cortexa9_0'.
14:24:52 INFO  : 'configparams force-mem-access 0' command is executed.
14:24:52 INFO  : ----------------XSDB Script----------------
connect -url tcp:127.0.0.1:3121
source C:/Users/hrish/Downloads/Wahl_Thesis_Haris_Student_Arbeit/Zynq_book_tutorials/led_controller2/led_controller2.sdk/led_test_system_wrapper_hw_platform_0/ps7_init.tcl
targets -set -nocase -filter {name =~"APU*" && jtag_cable_name =~ "Digilent Zybo 210279758527A"} -index 0
loadhw -hw C:/Users/hrish/Downloads/Wahl_Thesis_Haris_Student_Arbeit/Zynq_book_tutorials/led_controller2/led_controller2.sdk/led_test_system_wrapper_hw_platform_0/system.hdf -mem-ranges [list {0x40000000 0xbfffffff}]
configparams force-mem-access 1
targets -set -nocase -filter {name =~"APU*" && jtag_cable_name =~ "Digilent Zybo 210279758527A"} -index 0
stop
ps7_init
ps7_post_config
targets -set -nocase -filter {name =~ "ARM*#0" && jtag_cable_name =~ "Digilent Zybo 210279758527A"} -index 0
rst -processor
targets -set -nocase -filter {name =~ "ARM*#0" && jtag_cable_name =~ "Digilent Zybo 210279758527A"} -index 0
dow C:/Users/hrish/Downloads/Wahl_Thesis_Haris_Student_Arbeit/Zynq_book_tutorials/led_controller2/led_controller2.sdk/LED_Controller_test/Debug/LED_Controller_test.elf
configparams force-mem-access 0
----------------End of Script----------------

14:24:52 INFO  : Context for processor 'ps7_cortexa9_0' is selected.
14:24:52 INFO  : 'con' command is executed.
14:24:52 INFO  : ----------------XSDB Script (After Launch)----------------
targets -set -nocase -filter {name =~ "ARM*#0" && jtag_cable_name =~ "Digilent Zybo 210279758527A"} -index 0
con
----------------End of Script----------------

14:24:52 INFO  : Disconnected from the channel tcfchan#1.
